<?xml version="1.0" encoding="UTF-8"?>
<!-- Generated by org.testng.reporters.JUnitXMLReporter -->
<testsuite ignored="0" hostname="DESKTOP-NOCRSF7" failures="0" tests="3" name="Test" time="122.087" errors="0" timestamp="03 Mar 2024 21:33:22 GMT">
  <testcase classname="com.test.FormValidation" name="testContactForm" time="42.218"/>
  <testcase classname="com.test.DynamicTest" name="testDynamicContent" time="49.165"/>
  <testcase classname="com.test.TestNavigation" name="testHomePage" time="22.082"/>
</testsuite> <!-- Test -->
